Using pre-set license
Built from '2022.3/staging' branch; Version is '2022.3.22f1 (887be4894c44) revision 8944612'; Using compiler version '192829333'; Build Type 'Release'
OS: 'Windows 10  (10.0.19045) 64bit Professional' Language: 'en' Physical Memory: 32711 MB
BatchMode: 1, IsHumanControllingUs: 0, StartBugReporterOnCrash: 0, Is64bit: 1, IsPro: 1

COMMAND LINE ARGUMENTS:
C:\Program Files\Unity\Hub\Editor\2022.3.22f1\Editor\Unity.exe
-adb2
-batchMode
-noUpm
-name
AssetImportWorker0
-projectPath
C:/Users/ARTIS/Desktop/Unity Projects/Jams/ChairChamp3D/ChairChamp3D
-logFile
Logs/AssetImportWorker0.log
-srvPort
59209
Successfully changed project path to: C:/Users/ARTIS/Desktop/Unity Projects/Jams/ChairChamp3D/ChairChamp3D
C:/Users/ARTIS/Desktop/Unity Projects/Jams/ChairChamp3D/ChairChamp3D
[UnityMemory] Configuration Parameters - Can be set up in boot.config
    "memorysetup-bucket-allocator-granularity=16"
    "memorysetup-bucket-allocator-bucket-count=8"
    "memorysetup-bucket-allocator-block-size=33554432"
    "memorysetup-bucket-allocator-block-count=8"
    "memorysetup-main-allocator-block-size=16777216"
    "memorysetup-thread-allocator-block-size=16777216"
    "memorysetup-gfx-main-allocator-block-size=16777216"
    "memorysetup-gfx-thread-allocator-block-size=16777216"
    "memorysetup-cache-allocator-block-size=4194304"
    "memorysetup-typetree-allocator-block-size=2097152"
    "memorysetup-profiler-bucket-allocator-granularity=16"
    "memorysetup-profiler-bucket-allocator-bucket-count=8"
    "memorysetup-profiler-bucket-allocator-block-size=33554432"
    "memorysetup-profiler-bucket-allocator-block-count=8"
    "memorysetup-profiler-allocator-block-size=16777216"
    "memorysetup-profiler-editor-allocator-block-size=1048576"
    "memorysetup-temp-allocator-size-main=16777216"
    "memorysetup-job-temp-allocator-block-size=2097152"
    "memorysetup-job-temp-allocator-block-size-background=1048576"
    "memorysetup-job-temp-allocator-reduction-small-platforms=262144"
    "memorysetup-allocator-temp-initial-block-size-main=262144"
    "memorysetup-allocator-temp-initial-block-size-worker=262144"
    "memorysetup-temp-allocator-size-background-worker=32768"
    "memorysetup-temp-allocator-size-job-worker=262144"
    "memorysetup-temp-allocator-size-preload-manager=33554432"
    "memorysetup-temp-allocator-size-nav-mesh-worker=65536"
    "memorysetup-temp-allocator-size-audio-worker=65536"
    "memorysetup-temp-allocator-size-cloud-worker=32768"
    "memorysetup-temp-allocator-size-gi-baking-worker=262144"
    "memorysetup-temp-allocator-size-gfx=262144"
Player connection [9796] Host "[IP] 192.168.1.12 [Port] 0 [Flags] 2 [Guid] 3484112065 [EditorId] 3484112065 [Version] 1048832 [Id] WindowsEditor(7,DESKTOP-A33MQCU) [Debug] 1 [PackageName] WindowsEditor [ProjectName] Editor" joined multi-casting on [225.0.0.222:54997]...

Player connection [9796] Host "[IP] 192.168.1.12 [Port] 0 [Flags] 2 [Guid] 3484112065 [EditorId] 3484112065 [Version] 1048832 [Id] WindowsEditor(7,DESKTOP-A33MQCU) [Debug] 1 [PackageName] WindowsEditor [ProjectName] Editor" joined alternative multi-casting on [225.0.0.222:34997]...

[Physics::Module] Initialized MultithreadedJobDispatcher with 11 workers.
Refreshing native plugins compatible for Editor in 13.02 ms, found 3 plugins.
Preloading 0 native plugins for Editor in 0.00 ms.
Initialize engine version: 2022.3.22f1 (887be4894c44)
[Subsystems] Discovering subsystems at path C:/Program Files/Unity/Hub/Editor/2022.3.22f1/Editor/Data/Resources/UnitySubsystems
[Subsystems] Discovering subsystems at path C:/Users/ARTIS/Desktop/Unity Projects/Jams/ChairChamp3D/ChairChamp3D/Assets
GfxDevice: creating device client; threaded=0; jobified=0
Direct3D:
    Version:  Direct3D 11.0 [level 11.1]
    Renderer: NVIDIA GeForce RTX 2070 SUPER (ID=0x1e84)
    Vendor:   NVIDIA
    VRAM:     7989 MB
    Driver:   31.0.15.5244
Initialize mono
Mono path[0] = 'C:/Program Files/Unity/Hub/Editor/2022.3.22f1/Editor/Data/Managed'
Mono path[1] = 'C:/Program Files/Unity/Hub/Editor/2022.3.22f1/Editor/Data/MonoBleedingEdge/lib/mono/unityjit-win32'
Mono config path = 'C:/Program Files/Unity/Hub/Editor/2022.3.22f1/Editor/Data/MonoBleedingEdge/etc'
Using monoOptions --debugger-agent=transport=dt_socket,embedding=1,server=y,suspend=n,address=127.0.0.1:56312
Begin MonoManager ReloadAssembly
Registering precompiled unity dll's ...
Register platform support module: C:/Program Files/Unity/Hub/Editor/2022.3.22f1/Editor/Data/PlaybackEngines/WebGLSupport/UnityEditor.WebGL.Extensions.dll
Register platform support module: C:/Program Files/Unity/Hub/Editor/2022.3.22f1/Editor/Data/PlaybackEngines/WindowsStandaloneSupport/UnityEditor.WindowsStandalone.Extensions.dll
Register platform support module: C:/Program Files/Unity/Hub/Editor/2022.3.22f1/Editor/Data/PlaybackEngines/MetroSupport/UnityEditor.UWP.Extensions.dll
Registered in 0.015033 seconds.
- Loaded All Assemblies, in  0.387 seconds
Native extension for UWP target not found
Native extension for WindowsStandalone target not found
Native extension for WebGL target not found
Mono: successfully reloaded assembly
- Finished resetting the current domain, in  0.286 seconds
Domain Reload Profiling: 670ms
	BeginReloadAssembly (117ms)
		ExecutionOrderSort (0ms)
		DisableScriptedObjects (0ms)
		BackupInstance (0ms)
		ReleaseScriptingObjects (0ms)
		CreateAndSetChildDomain (1ms)
	RebuildCommonClasses (36ms)
	RebuildNativeTypeToScriptingClass (13ms)
	initialDomainReloadingComplete (68ms)
	LoadAllAssembliesAndSetupDomain (149ms)
		LoadAssemblies (115ms)
		RebuildTransferFunctionScriptingTraits (0ms)
		AnalyzeDomain (146ms)
			TypeCache.Refresh (145ms)
				TypeCache.ScanAssembly (131ms)
			ScanForSourceGeneratedMonoScriptInfo (0ms)
			ResolveRequiredComponents (0ms)
	FinalizeReload (286ms)
		ReleaseScriptCaches (0ms)
		RebuildScriptCaches (0ms)
		SetupLoadedEditorAssemblies (222ms)
			LogAssemblyErrors (0ms)
			InitializePlatformSupportModulesInManaged (14ms)
			SetLoadedEditorAssemblies (5ms)
			RefreshPlugins (0ms)
			BeforeProcessingInitializeOnLoad (2ms)
			ProcessInitializeOnLoadAttributes (153ms)
			ProcessInitializeOnLoadMethodAttributes (47ms)
			AfterProcessingInitializeOnLoad (0ms)
			EditorAssembliesLoaded (0ms)
		ExecutionOrderSort2 (0ms)
		AwakeInstancesAfterBackupRestoration (0ms)
========================================================================
Worker process is ready to serve import requests
Begin MonoManager ReloadAssembly
- Loaded All Assemblies, in  0.697 seconds
Refreshing native plugins compatible for Editor in 4.30 ms, found 3 plugins.
Native extension for UWP target not found
Native extension for WindowsStandalone target not found
Native extension for WebGL target not found
Package Manager log level set to [2]
[Package Manager] Server::EnsureServerProcessIsRunning -- launch failed, reason: Unity was launched with the -noUpm command-line argument
[Package Manager] UpmClient::Send -- Unable to send message (not connected to UPM process).
[Package Manager] Cannot connect to Unity Package Manager local server
Mono: successfully reloaded assembly
- Finished resetting the current domain, in  0.652 seconds
Domain Reload Profiling: 1344ms
	BeginReloadAssembly (160ms)
		ExecutionOrderSort (0ms)
		DisableScriptedObjects (5ms)
		BackupInstance (0ms)
		ReleaseScriptingObjects (0ms)
		CreateAndSetChildDomain (24ms)
	RebuildCommonClasses (38ms)
	RebuildNativeTypeToScriptingClass (12ms)
	initialDomainReloadingComplete (44ms)
	LoadAllAssembliesAndSetupDomain (439ms)
		LoadAssemblies (343ms)
		RebuildTransferFunctionScriptingTraits (0ms)
		AnalyzeDomain (190ms)
			TypeCache.Refresh (167ms)
				TypeCache.ScanAssembly (152ms)
			ScanForSourceGeneratedMonoScriptInfo (16ms)
			ResolveRequiredComponents (6ms)
	FinalizeReload (652ms)
		ReleaseScriptCaches (0ms)
		RebuildScriptCaches (0ms)
		SetupLoadedEditorAssemblies (495ms)
			LogAssemblyErrors (0ms)
			InitializePlatformSupportModulesInManaged (11ms)
			SetLoadedEditorAssemblies (3ms)
			RefreshPlugins (0ms)
			BeforeProcessingInitializeOnLoad (71ms)
			ProcessInitializeOnLoadAttributes (379ms)
			ProcessInitializeOnLoadMethodAttributes (19ms)
			AfterProcessingInitializeOnLoad (11ms)
			EditorAssembliesLoaded (0ms)
		ExecutionOrderSort2 (0ms)
		AwakeInstancesAfterBackupRestoration (6ms)
Launched and connected shader compiler UnityShaderCompiler.exe after 0.05 seconds
Refreshing native plugins compatible for Editor in 4.68 ms, found 3 plugins.
Preloading 0 native plugins for Editor in 0.00 ms.
Unloading 3478 Unused Serialized files (Serialized files now loaded: 0)
Unloading 39 unused Assets / (57.9 KB). Loaded Objects now: 3953.
Memory consumption went from 138.3 MB to 138.3 MB.
Total: 3.427900 ms (FindLiveObjects: 0.455900 ms CreateObjectMapping: 0.177200 ms MarkObjects: 2.675700 ms  DeleteObjects: 0.117900 ms)

AssetImportParameters requested are different than current active one (requested -> active):
  custom:container-demuxer-ogg: 62fdf1f143b41e24485cea50d1cbac27 -> 
  custom:video-decoder-ogg-theora: a1e56fd34408186e4bbccfd4996cb3dc -> 
  custom:framework-win-MediaFoundation: 216162199b28c13a410421893ffa2e32 -> 
  custom:CustomObjectIndexerAttribute: 9a22284fe3817be447336de3de66b15e -> 
  custom:container-demuxer-webm: 4f35f7cbe854078d1ac9338744f61a02 -> 
  custom:container-muxer-webm: aa71ff27fc2769a1b78a27578f13a17b -> 
  custom:video-decoder-webm-vp8: 9c59270c3fd7afecdb556c50c9e8de78 -> 
  custom:SearchIndexIgnoredProperties: e643bd26f0fe6173181afceb89e7c659 -> 
  custom:AudioImporter_EditorPlatform: d09bf68614088b80899f8185d706f6e7 -> 
  custom:video-encoder-webm-vp8: eb34c28f22e8b96e1ab97ce403110664 -> 
  custom:audio-decoder-ogg-vorbis: bf7c407c2cedff20999df2af8eb42d56 -> 
  custom:audio-encoder-webm-vorbis: bf7c407c2cedff20999df2af8eb42d56 -> 
========================================================================
Received Import Request.
  Time since last request: 62511.044737 seconds.
  path: Assets/Creatives/Level One - Obj format/Lore Island/Lore Island - Radial_Gradient_Texture_1.jpg
  artifactKey: Guid(8a0a6cbcbc02aa0408f4fa2086799192) Importer(815301076,1909f56bfc062723c751e8b465ee728b)
Start importing Assets/Creatives/Level One - Obj format/Lore Island/Lore Island - Radial_Gradient_Texture_1.jpg using Guid(8a0a6cbcbc02aa0408f4fa2086799192) Importer(815301076,1909f56bfc062723c751e8b465ee728b)  -> (artifact id: '239dea835d61199ce6710618ecd1c88a') in 0.087907 seconds
Number of updated asset objects reloaded before import = 0
Number of asset objects unloaded after import = 2
========================================================================
Received Import Request.
  Time since last request: 0.000617 seconds.
  path: Assets/Creatives/Level One - Obj format/Lore Island/Lore Island - Radial_Gradient_Texture.jpg
  artifactKey: Guid(8770d88be73828a4cacdc17c2669b413) Importer(815301076,1909f56bfc062723c751e8b465ee728b)
Start importing Assets/Creatives/Level One - Obj format/Lore Island/Lore Island - Radial_Gradient_Texture.jpg using Guid(8770d88be73828a4cacdc17c2669b413) Importer(815301076,1909f56bfc062723c751e8b465ee728b)  -> (artifact id: '25aec4caa075c58d4dc434baf47abf06') in 0.040830 seconds
Number of updated asset objects reloaded before import = 0
Number of asset objects unloaded after import = 2
========================================================================
Received Import Request.
  Time since last request: 3.159011 seconds.
  path: Assets/Creatives/Level One - Obj format/Main Island/Main Island.obj
  artifactKey: Guid(4ec8c587ca664ac4295bccfbd0cea77e) Importer(815301076,1909f56bfc062723c751e8b465ee728b)
Start importing Assets/Creatives/Level One - Obj format/Main Island/Main Island.obj using Guid(4ec8c587ca664ac4295bccfbd0cea77e) Importer(815301076,1909f56bfc062723c751e8b465ee728b)  -> (artifact id: 'aa8d7f28b16545c2488aaa567dea1bda') in 0.114432 seconds
Number of updated asset objects reloaded before import = 0
Number of asset objects unloaded after import = 16
========================================================================
Received Import Request.
  Time since last request: 3.981957 seconds.
  path: Assets/Creatives/Level One - Obj format/Main Island/Main Island.mtl
  artifactKey: Guid(dc22633a3a3a7cd43bc21347dc2f6fb1) Importer(815301076,1909f56bfc062723c751e8b465ee728b)
Start importing Assets/Creatives/Level One - Obj format/Main Island/Main Island.mtl using Guid(dc22633a3a3a7cd43bc21347dc2f6fb1) Importer(815301076,1909f56bfc062723c751e8b465ee728b)  -> (artifact id: '6860ae6e0aeffdc648c858e1ffa15093') in 0.001035 seconds
Number of updated asset objects reloaded before import = 0
Number of asset objects unloaded after import = 1
========================================================================
Received Import Request.
  Time since last request: 983.335148 seconds.
  path: Assets/Creatives/Chairs/Chair.fbx
  artifactKey: Guid(017f0c7de3f8d0e4eb846358da43525b) Importer(815301076,1909f56bfc062723c751e8b465ee728b)
Start importing Assets/Creatives/Chairs/Chair.fbx using Guid(017f0c7de3f8d0e4eb846358da43525b) Importer(815301076,1909f56bfc062723c751e8b465ee728b)  -> (artifact id: '536796468301ab0ca0c78efa0ba4ce4e') in 0.031083 seconds
Number of updated asset objects reloaded before import = 0
Number of asset objects unloaded after import = 8
========================================================================
Received Import Request.
  Time since last request: 4651.918016 seconds.
  path: Assets/Creatives/LevelOneAssets
  artifactKey: Guid(f43b9d83a23c40e47b3efdd905311c37) Importer(815301076,1909f56bfc062723c751e8b465ee728b)
Start importing Assets/Creatives/LevelOneAssets using Guid(f43b9d83a23c40e47b3efdd905311c37) Importer(815301076,1909f56bfc062723c751e8b465ee728b)  -> (artifact id: '970799aea66f8d9e103517e112889c0a') in 0.000737 seconds
Number of updated asset objects reloaded before import = 0
Number of asset objects unloaded after import = 0
========================================================================
Received Import Request.
  Time since last request: 1403.521162 seconds.
  path: Assets/Prefabs/Input/InputSystem.inputsettings.asset
  artifactKey: Guid(7a2efd87fe3672b4d94a27ad287e4ebe) Importer(815301076,1909f56bfc062723c751e8b465ee728b)
Start importing Assets/Prefabs/Input/InputSystem.inputsettings.asset using Guid(7a2efd87fe3672b4d94a27ad287e4ebe) Importer(815301076,1909f56bfc062723c751e8b465ee728b)  -> (artifact id: '7145d323214e18e96a24f4fece4539ba') in 0.001005 seconds
Number of updated asset objects reloaded before import = 0
Number of asset objects unloaded after import = 0
========================================================================
Received Import Request.
  Time since last request: 0.002128 seconds.
  path: Assets/Prefabs/Input/PlayerInput.inputactions
  artifactKey: Guid(610dafca07c8a2e49a824bb675a58f84) Importer(815301076,1909f56bfc062723c751e8b465ee728b)
Start importing Assets/Prefabs/Input/PlayerInput.inputactions using Guid(610dafca07c8a2e49a824bb675a58f84) Importer(815301076,1909f56bfc062723c751e8b465ee728b)  -> (artifact id: 'c905652646586832a881ac781e880564') in 0.003063 seconds
Number of updated asset objects reloaded before import = 0
Number of asset objects unloaded after import = 2
========================================================================
Received Import Request.
  Time since last request: 359.781381 seconds.
  path: Assets/Creatives/LevelOneAssets/Chair/Chair.fbx
  artifactKey: Guid(e47d23ca7ceb54841bd6621ee3c870b8) Importer(815301076,1909f56bfc062723c751e8b465ee728b)
Start importing Assets/Creatives/LevelOneAssets/Chair/Chair.fbx using Guid(e47d23ca7ceb54841bd6621ee3c870b8) Importer(815301076,1909f56bfc062723c751e8b465ee728b)  -> (artifact id: 'eab86f354e3d33c7e8c15803277c56a3') in 0.021608 seconds
Number of updated asset objects reloaded before import = 0
Number of asset objects unloaded after import = 8
========================================================================
Received Import Request.
  Time since last request: 8.761861 seconds.
  path: Assets/Creatives/LevelOneAssets/DJ Island/DJ Island.fbx
  artifactKey: Guid(69b8b074c2a1c4a49a4a9989aded1cf8) Importer(815301076,1909f56bfc062723c751e8b465ee728b)
Start importing Assets/Creatives/LevelOneAssets/DJ Island/DJ Island.fbx using Guid(69b8b074c2a1c4a49a4a9989aded1cf8) Importer(815301076,1909f56bfc062723c751e8b465ee728b)  -> (artifact id: 'c3603b3d9347aead4f56b14132f9b77b') in 0.064595 seconds
Number of updated asset objects reloaded before import = 0
Number of asset objects unloaded after import = 34
========================================================================
Received Import Request.
  Time since last request: 17.162205 seconds.
  path: Assets/Creatives/LevelOneAssets/Props/Bridge.fbx
  artifactKey: Guid(51feda6b8bf625847a6c0f7f7d2f7236) Importer(815301076,1909f56bfc062723c751e8b465ee728b)
Start importing Assets/Creatives/LevelOneAssets/Props/Bridge.fbx using Guid(51feda6b8bf625847a6c0f7f7d2f7236) Importer(815301076,1909f56bfc062723c751e8b465ee728b)  -> (artifact id: 'abe33601ff9da27715f5a0ee78cc5730') in 0.061230 seconds
Number of updated asset objects reloaded before import = 0
Number of asset objects unloaded after import = 34
========================================================================
Received Import Request.
  Time since last request: 0.000019 seconds.
  path: Assets/Creatives/LevelOneAssets/Props/Table.fbx
  artifactKey: Guid(5e5c6e9232d68a343a4f5a8371aee15f) Importer(815301076,1909f56bfc062723c751e8b465ee728b)
Start importing Assets/Creatives/LevelOneAssets/Props/Table.fbx using Guid(5e5c6e9232d68a343a4f5a8371aee15f) Importer(815301076,1909f56bfc062723c751e8b465ee728b)  -> (artifact id: '70c09690acc9a0bebe3a39d523ef94f3') in 0.061416 seconds
Number of updated asset objects reloaded before import = 0
Number of asset objects unloaded after import = 34
========================================================================
Received Import Request.
  Time since last request: 14.827687 seconds.
  path: Assets/Creatives/LevelOneAssets/Lore Island/LoreIsland.fbx
  artifactKey: Guid(3f6c726823da23c46bf055b7a857aa72) Importer(815301076,1909f56bfc062723c751e8b465ee728b)
Start importing Assets/Creatives/LevelOneAssets/Lore Island/LoreIsland.fbx using Guid(3f6c726823da23c46bf055b7a857aa72) Importer(815301076,1909f56bfc062723c751e8b465ee728b)  -> (artifact id: 'ef93c819f0422536fa975baf9e85ca86') in 0.132056 seconds
Number of updated asset objects reloaded before import = 0
Number of asset objects unloaded after import = 82
========================================================================
Received Import Request.
  Time since last request: 151.964131 seconds.
  path: Assets/Creatives/Level One - Obj format/DJ Island/DJ Island.obj
  artifactKey: Guid(87bf94c8ed75a3341bc29f88b2eeb28a) Importer(815301076,1909f56bfc062723c751e8b465ee728b)
Start importing Assets/Creatives/Level One - Obj format/DJ Island/DJ Island.obj using Guid(87bf94c8ed75a3341bc29f88b2eeb28a) Importer(815301076,1909f56bfc062723c751e8b465ee728b)  -> (artifact id: 'f5a3f160bd22a41048ee03e9c18ca264') in 0.127013 seconds
Number of updated asset objects reloaded before import = 0
Number of asset objects unloaded after import = 76
